<?xml version="1.0" encoding="UTF-8"?>
<!-- Generated by org.testng.reporters.JUnitReportReporter -->
<testsuite skipped="0" hostname="DESKTOP-0O112P5" name="testcases.VideoGameAPITests" tests="5" failures="0" timestamp="29 May 2022 06:12:01 GMT" time="8.440" errors="0">
  <testcase name="test_getAllVideoGames" time="5.500" classname="testcases.VideoGameAPITests"/>
  <testcase name="test_addNewVideoGame" time="0.923" classname="testcases.VideoGameAPITests"/>
  <testcase name="test_getVideoGame" time="1.791" classname="testcases.VideoGameAPITests"/>
  <testcase name="test_updateVideoGame" time="0.122" classname="testcases.VideoGameAPITests"/>
  <testcase name="test_deleteVideoGame" time="0.104" classname="testcases.VideoGameAPITests"/>
</testsuite> <!-- testcases.VideoGameAPITests -->
